  pch.cpp
  PathGen.cpp
d:\cpp_projects\hisense\hx-master\hx\pathgen.cpp(196): warning C4244: “初始化”: 从“double”转换到“int”，可能丢失数据
d:\cpp_projects\hisense\hx-master\hx\pathgen.cpp(196): warning C4244: “初始化”: 从“double”转换到“const int”，可能丢失数据
d:\cpp_projects\hisense\hx-master\hx\pathgen.cpp(197): warning C4244: “初始化”: 从“double”转换到“int”，可能丢失数据
d:\cpp_projects\hisense\hx-master\hx\pathgen.cpp(197): warning C4244: “初始化”: 从“double”转换到“const int”，可能丢失数据
d:\cpp_projects\hisense\hx-master\hx\pathgen.cpp(247): warning C4244: “=”: 从“double”转换到“int”，可能丢失数据
d:\cpp_projects\hisense\hx-master\hx\pathgen.cpp(248): warning C4244: “=”: 从“double”转换到“int”，可能丢失数据
d:\cpp_projects\hisense\hx-master\hx\pathgen.cpp(249): warning C4267: “=”: 从“size_t”转换到“unsigned int”，可能丢失数据
d:\cpp_projects\hisense\hx-master\hx\pathgen.cpp(250): warning C4244: “=”: 从“double”转换到“unsigned int”，可能丢失数据
d:\cpp_projects\hisense\hx-master\hx\pathgen.cpp(251): warning C4244: “=”: 从“double”转换到“unsigned int”，可能丢失数据
  CamCon.cpp
d:\cpp_projects\hisense\hx-master\hx\camcon.cpp(110): warning C4101: “e”: 未引用的局部变量
d:\cpp_projects\hisense\hx-master\hx\camcon.cpp(122): warning C4101: “e”: 未引用的局部变量
d:\cpp_projects\hisense\hx-master\hx\camcon.cpp(168): warning C4267: “return”: 从“size_t”转换到“int”，可能丢失数据
d:\cpp_projects\hisense\hx-master\hx\camcon.cpp(263): warning C4101: “e”: 未引用的局部变量
d:\cpp_projects\hisense\hx-master\hx\camcon.cpp(371): warning C4101: “e”: 未引用的局部变量
d:\cpp_projects\hisense\hx-master\hx\camcon.cpp(606): warning C4244: “参数”: 从“uint64_t”转换到“int”，可能丢失数据
d:\cpp_projects\hisense\hx-master\hx\camcon.cpp(611): warning C4244: “参数”: 从“uint64_t”转换到“_Tp”，可能丢失数据
          with
          [
              _Tp=int
          ]
  CcadDlg.cpp
d:\cpp_projects\hisense\hx-master\hx\ccaddlg.cpp(578): warning C4267: “=”: 从“size_t”转换到“int”，可能丢失数据
d:\cpp_projects\hisense\hx-master\hx\ccaddlg.cpp(666): warning C4244: “=”: 从“ULONGLONG”转换到“long”，可能丢失数据
d:\cpp_projects\hisense\hx-master\hx\ccaddlg.cpp(686): warning C4244: “=”: 从“ULONGLONG”转换到“long”，可能丢失数据
d:\cpp_projects\hisense\hx-master\hx\ccaddlg.cpp(976): warning C4244: “初始化”: 从“double”转换到“float”，可能丢失数据
d:\cpp_projects\hisense\hx-master\hx\ccaddlg.cpp(976): warning C4244: “初始化”: 从“double”转换到“const float”，可能丢失数据
d:\cpp_projects\hisense\hx-master\hx\ccaddlg.cpp(977): warning C4244: “初始化”: 从“double”转换到“float”，可能丢失数据
d:\cpp_projects\hisense\hx-master\hx\ccaddlg.cpp(977): warning C4244: “初始化”: 从“double”转换到“const float”，可能丢失数据
d:\cpp_projects\hisense\hx-master\hx\ccaddlg.cpp(981): warning C4244: “参数”: 从“float”转换到“INT”，可能丢失数据
d:\cpp_projects\hisense\hx-master\hx\ccaddlg.cpp(982): warning C4244: “参数”: 从“float”转换到“INT”，可能丢失数据
  CchagePwdDlg.cpp
  CdataDlg.cpp
d:\cpp_projects\hisense\hx-master\hx\cdatadlg.cpp(472): warning C4018: “<”: 有符号/无符号不匹配
  CLayout.cpp
  CLoginDlg.cpp
  CmodbusDlg.cpp
d:\cpp_projects\hisense\hx-master\hx\cmodbusdlg.cpp(268): warning C4267: “参数”: 从“size_t”转换到“int”，可能丢失数据
d:\cpp_projects\hisense\hx-master\hx\cmodbusdlg.cpp(269): warning C4267: “参数”: 从“size_t”转换到“int”，可能丢失数据
d:\cpp_projects\hisense\hx-master\hx\cmodbusdlg.cpp(856): warning C4244: “=”: 从“ULONGLONG”转换到“long”，可能丢失数据
d:\cpp_projects\hisense\hx-master\hx\cmodbusdlg.cpp(865): warning C4244: “=”: 从“ULONGLONG”转换到“long”，可能丢失数据
d:\cpp_projects\hisense\hx-master\hx\cmodbusdlg.cpp(871): warning C4244: “=”: 从“ULONGLONG”转换到“long”，可能丢失数据
d:\cpp_projects\hisense\hx-master\hx\cmodbusdlg.cpp(882): warning C4244: “=”: 从“DWORD”转换到“unsigned char”，可能丢失数据
d:\cpp_projects\hisense\hx-master\hx\cmodbusdlg.cpp(883): warning C4244: “=”: 从“DWORD”转换到“unsigned char”，可能丢失数据
d:\cpp_projects\hisense\hx-master\hx\cmodbusdlg.cpp(986): warning C4244: “=”: 从“DWORD”转换到“unsigned char”，可能丢失数据
d:\cpp_projects\hisense\hx-master\hx\cmodbusdlg.cpp(987): warning C4244: “=”: 从“DWORD”转换到“unsigned char”，可能丢失数据
d:\cpp_projects\hisense\hx-master\hx\cmodbusdlg.cpp(1019): warning C4244: “=”: 从“DWORD”转换到“unsigned char”，可能丢失数据
d:\cpp_projects\hisense\hx-master\hx\cmodbusdlg.cpp(1020): warning C4244: “=”: 从“DWORD”转换到“unsigned char”，可能丢失数据
d:\cpp_projects\hisense\hx-master\hx\cmodbusdlg.cpp(1369): warning C4101: “n”: 未引用的局部变量
  CMonitorDlg.cpp
  CMyButton.cpp
  CPublic.cpp
  CvisionDlg.cpp
d:\cpp_projects\hisense\hx-master\hx\cvisiondlg.cpp(14): fatal error C1083: 无法打开包括文件: “HalconCpp.h”: No such file or directory
  HX.cpp
  HXDlg.cpp
  InfoFile.cpp
d:\cpp_projects\hisense\hx-master\hx\infofile.cpp(90): warning C4244: “=”: 从“double”转换到“int”，可能丢失数据
d:\cpp_projects\hisense\hx-master\hx\infofile.cpp(91): warning C4244: “=”: 从“double”转换到“int”，可能丢失数据
d:\cpp_projects\hisense\hx-master\hx\infofile.cpp(92): warning C4244: “=”: 从“double”转换到“int”，可能丢失数据
d:\cpp_projects\hisense\hx-master\hx\infofile.cpp(93): warning C4244: “=”: 从“double”转换到“int”，可能丢失数据
d:\cpp_projects\hisense\hx-master\hx\infofile.cpp(94): warning C4244: “=”: 从“double”转换到“int”，可能丢失数据
d:\cpp_projects\hisense\hx-master\hx\infofile.cpp(95): warning C4244: “=”: 从“double”转换到“int”，可能丢失数据
d:\cpp_projects\hisense\hx-master\hx\infofile.cpp(96): warning C4244: “=”: 从“double”转换到“int”，可能丢失数据
d:\cpp_projects\hisense\hx-master\hx\infofile.cpp(97): warning C4244: “=”: 从“double”转换到“int”，可能丢失数据
d:\cpp_projects\hisense\hx-master\hx\infofile.cpp(99): warning C4244: “=”: 从“double”转换到“int”，可能丢失数据
d:\cpp_projects\hisense\hx-master\hx\infofile.cpp(100): warning C4244: “=”: 从“double”转换到“int”，可能丢失数据
d:\cpp_projects\hisense\hx-master\hx\infofile.cpp(235): warning C4244: “参数”: 从“double”转换到“int”，可能丢失数据
  正在生成代码...
